<?xml version="1.0" encoding="UTF-8"?>
<!-- Generated by org.testng.reporters.JUnitReportReporter -->
<testsuite skipped="0" hostname="DESKTOP-OCHAU49" name="com.Calculator.Test.TestUnit" tests="6" failures="0" timestamp="09 Mar 2021 03:29:35 GMT" time="0.019" errors="0">
  <testcase name="Test" time="0.001" classname="com.Calculator.Test.TestUnit"/>
  <testcase name="Test2" time="0.001" classname="com.Calculator.Test.TestUnit"/>
  <testcase name="Test3" time="0.002" classname="com.Calculator.Test.TestUnit"/>
  <testcase name="TestFalse" time="0.008" classname="com.Calculator.Test.TestUnit"/>
  <testcase name="Testnull" time="0.000" classname="com.Calculator.Test.TestUnit"/>
  <testcase name="Test1" time="0.007" classname="com.Calculator.Test.TestUnit"/>
</testsuite> <!-- com.Calculator.Test.TestUnit -->
