<?xml version="1.0" encoding="UTF-8"?>
<!-- Generated by org.testng.reporters.JUnitReportReporter -->
<testsuite skipped="0" hostname="DESKTOP-OCHAU49" name="com.Calculator.Test.TestUnit" tests="6" failures="0" timestamp="2021-03-08T20:38:44 EST" time="0.004" errors="0">
  <testcase name="Test1" time="0.000" classname="com.Calculator.Test.TestUnit"/>
  <system-out/>
  <testcase name="TestFalse" time="0.000" classname="com.Calculator.Test.TestUnit"/>
  <system-out/>
  <testcase name="Test2" time="0.000" classname="com.Calculator.Test.TestUnit"/>
  <system-out/>
  <testcase name="Test" time="0.004" classname="com.Calculator.Test.TestUnit"/>
  <system-out/>
  <testcase name="Test3" time="0.000" classname="com.Calculator.Test.TestUnit"/>
  <system-out/>
  <testcase name="Testnull" time="0.000" classname="com.Calculator.Test.TestUnit"/>
  <system-out/>
</testsuite> <!-- com.Calculator.Test.TestUnit -->
